{"/Users/nbely/Documents/Nexient-Code/DOJO-Stencil/dojo-components/src/components/side-drawer/side-drawer.tsx": {"path":"/Users/nbely/Documents/Nexient-Code/DOJO-Stencil/dojo-components/src/components/side-drawer/side-drawer.tsx","statementMap":{"0":{"start":{"line":1,"column":0},"end":{"line":1,"column":59}},"1":{"start":{"line":9,"column":47},"end":{"line":9,"column":null}},"2":{"start":{"line":10,"column":60},"end":{"line":10,"column":null}},"3":{"start":{"line":14,"column":4},"end":{"line":14,"column":31}},"4":{"start":{"line":18,"column":31},"end":{"line":18,"column":59}},"5":{"start":{"line":20,"column":4},"end":{"line":30,"column":6}},"6":{"start":{"line":3,"column":0},"end":{"line":3,"column":null}}},"fnMap":{"0":{"name":"(anonymous_1)","decl":{"start":{"line":13,"column":2},"end":{"line":13,"column":7}},"loc":{"start":{"line":13,"column":20},"end":{"line":15,"column":3}}},"1":{"name":"(anonymous_2)","decl":{"start":{"line":17,"column":2},"end":{"line":17,"column":8}},"loc":{"start":{"line":17,"column":8},"end":{"line":31,"column":3}}}},"branchMap":{},"s":{"0":1,"1":2,"2":2,"3":1,"4":3,"5":3,"6":1},"f":{"0":1,"1":3},"b":{}}
}
